<?xml version="1.0" encoding="UTF-8"?>
<!-- Generated by org.testng.reporters.JUnitReportReporter -->
<testsuite hostname="DESKTOP-DO9NL9S" failures="0" tests="3" name="test.TestNG_Demo2" time="14.094" errors="1" timestamp="2020-06-02T22:04:44 IST" skipped="2">
  <testcase classname="test.TestNG_Demo2" name="googleSearch3" time="0.000">
    <skipped/>
  </testcase> <!-- googleSearch3 -->
  <system-out/>
  <testcase classname="test.TestNG_Demo2" name="browserSetup" time="14.094">
    <error message="session not created
from chrome not reachable
  (Session info: chrome=83.0.4103.61)
Build info: version: &#039;3.14.0&#039;, revision: &#039;aacccce0&#039;, time: &#039;2018-08-02T20:19:58.91Z&#039;
System info: host: &#039;DESKTOP-DO9NL9S&#039;, ip: &#039;192.168.1.9&#039;, os.name: &#039;Windows 10&#039;, os.arch: &#039;amd64&#039;, os.version: &#039;10.0&#039;, java.version: &#039;14.0.1&#039;
Driver info: driver.version: ChromeDriver
remote stacktrace: Backtrace:
	Ordinal0 [0x00369563+2725219]
	Ordinal0 [0x00268551+1672529]
	Ordinal0 [0x00150202+524802]
	Ordinal0 [0x001499B2+498098]
	Ordinal0 [0x0014A09B+499867]
	Ordinal0 [0x0014AFF5+503797]
	Ordinal0 [0x00146994+485780]
	Ordinal0 [0x00150FF0+528368]
	Ordinal0 [0x000FD6C9+186057]
	Ordinal0 [0x000FCA3D+182845]
	Ordinal0 [0x000FA94B+174411]
	Ordinal0 [0x000E2528+75048]
	Ordinal0 [0x000E35A0+79264]
	Ordinal0 [0x000E3539+79161]
	Ordinal0 [0x0027D607+1758727]
	GetHandleVerifier [0x00486546+1050150]
	GetHandleVerifier [0x00486291+1049457]
	GetHandleVerifier [0x004910D7+1094071]
	GetHandleVerifier [0x00486B46+1051686]
	Ordinal0 [0x00275B06+1727238]
	Ordinal0 [0x0027EB7B+1764219]
	Ordinal0 [0x0027ECE3+1764579]
	Ordinal0 [0x00294C05+1854469]
	BaseThreadInitThunk [0x776C6359+25]
	RtlGetAppContainerNamedObjectPath [0x77917C24+228]
	RtlGetAppContainerNamedObjectPath [0x77917BF4+180]
	(No symbol) [0x00000000]
" type="org.openqa.selenium.SessionNotCreatedException">
      <![CDATA[org.openqa.selenium.SessionNotCreatedException: session not created
from chrome not reachable
  (Session info: chrome=83.0.4103.61)
Build info: version: '3.14.0', revision: 'aacccce0', time: '2018-08-02T20:19:58.91Z'
System info: host: 'DESKTOP-DO9NL9S', ip: '192.168.1.9', os.name: 'Windows 10', os.arch: 'amd64', os.version: '10.0', java.version: '14.0.1'
Driver info: driver.version: ChromeDriver
remote stacktrace: Backtrace:
Ordinal0 [0x00369563+2725219]
Ordinal0 [0x00268551+1672529]
Ordinal0 [0x00150202+524802]
Ordinal0 [0x001499B2+498098]
Ordinal0 [0x0014A09B+499867]
Ordinal0 [0x0014AFF5+503797]
Ordinal0 [0x00146994+485780]
Ordinal0 [0x00150FF0+528368]
Ordinal0 [0x000FD6C9+186057]
Ordinal0 [0x000FCA3D+182845]
Ordinal0 [0x000FA94B+174411]
Ordinal0 [0x000E2528+75048]
Ordinal0 [0x000E35A0+79264]
Ordinal0 [0x000E3539+79161]
Ordinal0 [0x0027D607+1758727]
GetHandleVerifier [0x00486546+1050150]
GetHandleVerifier [0x00486291+1049457]
GetHandleVerifier [0x004910D7+1094071]
GetHandleVerifier [0x00486B46+1051686]
Ordinal0 [0x00275B06+1727238]
Ordinal0 [0x0027EB7B+1764219]
Ordinal0 [0x0027ECE3+1764579]
Ordinal0 [0x00294C05+1854469]
BaseThreadInitThunk [0x776C6359+25]
RtlGetAppContainerNamedObjectPath [0x77917C24+228]
RtlGetAppContainerNamedObjectPath [0x77917BF4+180]
(No symbol) [0x00000000]

at java.base/jdk.internal.reflect.NativeConstructorAccessorImpl.newInstance0(Native Method)
at java.base/jdk.internal.reflect.NativeConstructorAccessorImpl.newInstance(NativeConstructorAccessorImpl.java:62)
at java.base/jdk.internal.reflect.DelegatingConstructorAccessorImpl.newInstance(DelegatingConstructorAccessorImpl.java:45)
at java.base/java.lang.reflect.Constructor.newInstanceWithCaller(Constructor.java:500)
at java.base/java.lang.reflect.Constructor.newInstance(Constructor.java:481)
at org.openqa.selenium.remote.W3CHandshakeResponse.lambda$new$0(W3CHandshakeResponse.java:57)
at org.openqa.selenium.remote.W3CHandshakeResponse.lambda$getResponseFunction$2(W3CHandshakeResponse.java:104)
at org.openqa.selenium.remote.ProtocolHandshake.lambda$createSession$0(ProtocolHandshake.java:122)
at java.base/java.util.stream.ReferencePipeline$3$1.accept(ReferencePipeline.java:195)
at java.base/java.util.Spliterators$ArraySpliterator.tryAdvance(Spliterators.java:958)
at java.base/java.util.stream.ReferencePipeline.forEachWithCancel(ReferencePipeline.java:127)
at java.base/java.util.stream.AbstractPipeline.copyIntoWithCancel(AbstractPipeline.java:502)
at java.base/java.util.stream.AbstractPipeline.copyInto(AbstractPipeline.java:488)
at java.base/java.util.stream.AbstractPipeline.wrapAndCopyInto(AbstractPipeline.java:474)
at java.base/java.util.stream.FindOps$FindOp.evaluateSequential(FindOps.java:150)
at java.base/java.util.stream.AbstractPipeline.evaluate(AbstractPipeline.java:234)
at java.base/java.util.stream.ReferencePipeline.findFirst(ReferencePipeline.java:543)
at org.openqa.selenium.remote.ProtocolHandshake.createSession(ProtocolHandshake.java:125)
at org.openqa.selenium.remote.ProtocolHandshake.createSession(ProtocolHandshake.java:73)
at org.openqa.selenium.remote.HttpCommandExecutor.execute(HttpCommandExecutor.java:136)
at org.openqa.selenium.remote.service.DriverCommandExecutor.execute(DriverCommandExecutor.java:83)
at org.openqa.selenium.remote.RemoteWebDriver.execute(RemoteWebDriver.java:548)
at org.openqa.selenium.remote.RemoteWebDriver.startSession(RemoteWebDriver.java:212)
at org.openqa.selenium.remote.RemoteWebDriver.<init>(RemoteWebDriver.java:130)
at org.openqa.selenium.chrome.ChromeDriver.<init>(ChromeDriver.java:181)
at org.openqa.selenium.chrome.ChromeDriver.<init>(ChromeDriver.java:168)
at org.openqa.selenium.chrome.ChromeDriver.<init>(ChromeDriver.java:123)
at test.TestNG_Demo2.browserSetup(TestNG_Demo2.java:21)
at java.base/jdk.internal.reflect.NativeMethodAccessorImpl.invoke0(Native Method)
at java.base/jdk.internal.reflect.NativeMethodAccessorImpl.invoke(NativeMethodAccessorImpl.java:62)
at java.base/jdk.internal.reflect.DelegatingMethodAccessorImpl.invoke(DelegatingMethodAccessorImpl.java:43)
at java.base/java.lang.reflect.Method.invoke(Method.java:564)
at org.testng.internal.MethodInvocationHelper.invokeMethod(MethodInvocationHelper.java:134)
at org.testng.internal.MethodInvocationHelper.invokeMethodConsideringTimeout(MethodInvocationHelper.java:63)
at org.testng.internal.ConfigInvoker.invokeConfigurationMethod(ConfigInvoker.java:348)
at org.testng.internal.ConfigInvoker.invokeConfigurations(ConfigInvoker.java:302)
at org.testng.TestRunner.invokeTestConfigurations(TestRunner.java:619)
at org.testng.TestRunner.beforeRun(TestRunner.java:609)
at org.testng.TestRunner.run(TestRunner.java:580)
at org.testng.SuiteRunner.runTest(SuiteRunner.java:384)
at org.testng.SuiteRunner.runSequentially(SuiteRunner.java:378)
at org.testng.SuiteRunner.privateRun(SuiteRunner.java:337)
at org.testng.SuiteRunner.run(SuiteRunner.java:286)
at org.testng.SuiteRunnerWorker.runSuite(SuiteRunnerWorker.java:53)
at org.testng.SuiteRunnerWorker.run(SuiteRunnerWorker.java:96)
at org.testng.TestNG.runSuitesSequentially(TestNG.java:1187)
at org.testng.TestNG.runSuitesLocally(TestNG.java:1109)
at org.testng.TestNG.runSuites(TestNG.java:1039)
at org.testng.TestNG.run(TestNG.java:1007)
at org.testng.remote.AbstractRemoteTestNG.run(AbstractRemoteTestNG.java:115)
at org.testng.remote.RemoteTestNG.initAndRun(RemoteTestNG.java:251)
at org.testng.remote.RemoteTestNG.main(RemoteTestNG.java:77)
]]>
    </error>
  </testcase> <!-- browserSetup -->
  <system-out/>
  <testcase classname="test.TestNG_Demo2" name="googleSearch2" time="0.000">
    <skipped/>
  </testcase> <!-- googleSearch2 -->
  <system-out/>
</testsuite> <!-- test.TestNG_Demo2 -->
